<?xml version="1.0" encoding="UTF-8"?>
<!-- Generated by org.testng.reporters.JUnitReportReporter -->
<testsuite hostname="Mauritius" failures="0" tests="1" name="JiraBugTest" time="5.465" errors="0" timestamp="2024-09-01T14:24:17 IST" skipped="0">
  <testcase classname="JiraBugTest" name="JiraIssueTest" time="5.465"/>
  <system-out/>
</testsuite> <!-- JiraBugTest -->
