<?xml version="1.0" encoding="UTF-8"?>
<!-- Generated by org.testng.reporters.JUnitReportReporter -->
<testsuite hostname="Mauritius" failures="0" tests="3" name="DynamicJson" time="3.525" errors="0" timestamp="2024-08-31T17:40:48 IST" skipped="0">
  <testcase classname="DynamicJson" name="addBook" time="0.349"/>
  <system-out/>
  <testcase classname="DynamicJson" name="addBook" time="0.315"/>
  <system-out/>
  <testcase classname="DynamicJson" name="addBook" time="2.861"/>
  <system-out/>
</testsuite> <!-- DynamicJson -->
